<?xml version="1.0" encoding="UTF-8"?>
<!-- Generated by org.testng.reporters.JUnitReportReporter -->
<testsuite skipped="0" hostname="LAPTOP-V56M9FQC" name="org.pages.HomePage" tests="1" failures="0" timestamp="01 Jan 2021 13:09:02 GMT" time="5.722" errors="0">
  <testcase name="testcase" time="5.722" classname="org.pages.HomePage"/>
</testsuite> <!-- org.pages.HomePage -->
